<?xml version="1.0" encoding="UTF-8"?>
<!-- Generated by org.testng.reporters.JUnitReportReporter -->
<testsuite hostname="Shaon" failures="0" tests="1" name="webDriver_Framework.Selenium_Framework.AppTest" time="8.452" errors="0" timestamp="2024-01-23T15:39:44 PST" skipped="0">
  <testcase classname="webDriver_Framework.Selenium_Framework.AppTest" name="valid_application" time="8.452"/>
</testsuite> <!-- webDriver_Framework.Selenium_Framework.AppTest -->
